#
# There is insufficient memory for the Java Runtime Environment to continue.
# Native memory allocation (malloc) failed to allocate 129264 bytes for Chunk::new
# Possible reasons:
#   The system is out of physical RAM or swap space
#   In 32 bit mode, the process size limit was hit
# Possible solutions:
#   Reduce memory load on the system
#   Increase physical memory or swap space
#   Check if swap backing store is full
#   Use 64 bit Java on a 64 bit OS
#   Decrease Java heap size (-Xmx/-Xms)
#   Decrease number of Java threads
#   Decrease Java thread stack sizes (-Xss)
#   Set larger code cache with -XX:ReservedCodeCacheSize=
# This output file may be truncated or incomplete.
#
#  Out of Memory Error (allocation.cpp:390), pid=2192, tid=0x0000000000002aa4
#
# JRE version: OpenJDK Runtime Environment (8.0_152-b01) (build 1.8.0_152-release-1343-b01)
# Java VM: OpenJDK 64-Bit Server VM (25.152-b01 mixed mode windows-amd64 compressed oops)
# Failed to write core dump. Minidumps are not enabled by default on client versions of Windows
#

---------------  T H R E A D  ---------------

Current thread (0x000000001605c800):  JavaThread "C2 CompilerThread1" daemon [_thread_in_native, id=10916, stack(0x00000000177d0000,0x00000000178d0000)]

Stack: [0x00000000177d0000,0x00000000178d0000]
[error occurred during error reporting (printing stack bounds), id 0xc0000005]

Native frames: (J=compiled Java code, j=interpreted, Vv=VM code, C=native code)


Current CompileTask:
C2:  23319 4362       4       java.util.regex.Matcher::replaceAll (59 bytes)


---------------  P R O C E S S  ---------------

Java Threads: ( => current thread )
  0x000000001ae66800 JavaThread "Cache worker for Build Output Cleanup Cache (C:\Users\Acer\AndroidStudioProjects\ProjectUasIndah\.gradle\buildOutputCleanup)" [_thread_blocked, id=4916, stack(0x0000000020e40000,0x0000000020f40000)]
  0x000000001ae67800 JavaThread "Build operations Thread 4" [_thread_blocked, id=2156, stack(0x0000000020d40000,0x0000000020e40000)]
  0x000000001ae64800 JavaThread "Build operations Thread 3" [_thread_blocked, id=11456, stack(0x0000000020c40000,0x0000000020d40000)]
  0x000000001ae66000 JavaThread "Build operations Thread 2" [_thread_blocked, id=8760, stack(0x0000000020b40000,0x0000000020c40000)]
  0x000000001ae65000 JavaThread "Build operations" [_thread_blocked, id=12388, stack(0x0000000020a40000,0x0000000020b40000)]
  0x000000001906e000 JavaThread "Cache worker for execution history cache (C:\Users\Acer\.gradle\caches\5.1.1\executionHistory)" [_thread_blocked, id=5528, stack(0x000000001fb80000,0x000000001fc80000)]
  0x000000001906d800 JavaThread "Cache worker for cache directory md-rule (C:\Users\Acer\.gradle\caches\5.1.1\md-rule)" [_thread_blocked, id=12268, stack(0x000000001fa80000,0x000000001fb80000)]
  0x000000001906c000 JavaThread "Cache worker for cache directory md-supplier (C:\Users\Acer\.gradle\caches\5.1.1\md-supplier)" [_thread_blocked, id=8884, stack(0x000000001f980000,0x000000001fa80000)]
  0x0000000019072800 JavaThread "Cache worker for file hash cache (C:\Users\Acer\AndroidStudioProjects\ProjectUasIndah\.gradle\5.1.1\fileHashes)" [_thread_blocked, id=6948, stack(0x000000001cdc0000,0x000000001cec0000)]
  0x000000001906c800 JavaThread "Cache worker for journal cache (C:\Users\Acer\.gradle\caches\journal-1)" [_thread_blocked, id=5084, stack(0x000000001ab20000,0x000000001ac20000)]
  0x0000000019072000 JavaThread "File lock request listener" [_thread_in_native, id=3144, stack(0x000000001aa20000,0x000000001ab20000)]
  0x000000001913e000 JavaThread "Cache worker for file hash cache (C:\Users\Acer\.gradle\caches\5.1.1\fileHashes)" [_thread_blocked, id=5784, stack(0x000000001a920000,0x000000001aa20000)]
  0x000000001920a000 JavaThread "Thread-8" [_thread_blocked, id=12360, stack(0x000000001a820000,0x000000001a920000)]
  0x0000000019204800 JavaThread "Stdin handler" [_thread_blocked, id=7032, stack(0x000000001a720000,0x000000001a820000)]
  0x0000000019204000 JavaThread "Asynchronous log dispatcher for DefaultDaemonConnection: socket connection from /127.0.0.1:55193 to /127.0.0.1:55194" [_thread_blocked, id=6208, stack(0x000000001a620000,0x000000001a720000)]
  0x0000000019203000 JavaThread "Daemon worker" [_thread_in_Java, id=10520, stack(0x000000001a520000,0x000000001a620000)]
  0x00000000190b2800 JavaThread "Cancel handler" [_thread_blocked, id=2988, stack(0x000000001a420000,0x000000001a520000)]
  0x0000000018fe7800 JavaThread "Handler for socket connection from /127.0.0.1:55193 to /127.0.0.1:55194" [_thread_in_native, id=2744, stack(0x000000001a120000,0x000000001a220000)]
  0x00000000190fd000 JavaThread "Daemon" [_thread_blocked, id=6276, stack(0x000000001a020000,0x000000001a120000)]
  0x0000000018f1e000 JavaThread "Daemon periodic checks" [_thread_blocked, id=1860, stack(0x0000000019f20000,0x000000001a020000)]
  0x0000000018f1c800 JavaThread "Incoming local TCP Connector on port 55193" [_thread_in_native, id=7556, stack(0x0000000019ce0000,0x0000000019de0000)]
  0x00000000179f8800 JavaThread "Service Thread" daemon [_thread_blocked, id=11704, stack(0x0000000017dd0000,0x0000000017ed0000)]
  0x0000000016064800 JavaThread "C1 CompilerThread2" daemon [_thread_in_vm, id=8056, stack(0x00000000178d0000,0x00000000179d0000)]
=>0x000000001605c800 JavaThread "C2 CompilerThread1" daemon [_thread_in_native, id=10916, stack(0x00000000177d0000,0x00000000178d0000)]
  0x000000001605a000 JavaThread "C2 CompilerThread0" daemon [_thread_in_native, id=13208, stack(0x00000000176d0000,0x00000000177d0000)]
  0x0000000016067800 JavaThread "Attach Listener" daemon [_thread_blocked, id=12972, stack(0x00000000175d0000,0x00000000176d0000)]
  0x0000000016066800 JavaThread "Signal Dispatcher" daemon [_thread_blocked, id=5668, stack(0x00000000174d0000,0x00000000175d0000)]
  0x0000000016047800 JavaThread "Finalizer" daemon [_thread_blocked, id=7768, stack(0x00000000172e0000,0x00000000173e0000)]
  0x00000000026e4000 JavaThread "Reference Handler" daemon [_thread_blocked, id=10392, stack(0x00000000171e0000,0x00000000172e0000)]
  0x0000000000c3e000 JavaThread "main" [_thread_blocked, id=6112, stack(0x0000000002470000,0x0000000002570000)]

Other Threads:
  0x0000000016026000 VMThread [stack: 0x00000000170e0000,0x00000000171e0000] [id=6584]
  0x00000000160bd000 WatcherThread [stack: 0x0000000017ed0000,0x0000000017fd0000] [id=5956]

VM state:not at safepoint (normal execution)

VM Mutex/Monitor currently owned by a thread: None

Heap:
 PSYoungGen      total 105472K, used 14191K [0x00000000e0000000, 0x00000000e7e00000, 0x0000000100000000)
  eden space 94208K, 15% used [0x00000000e0000000,0x00000000e0ddbfd8,0x00000000e5c00000)
  from space 11264K, 0% used [0x00000000e5c00000,0x00000000e5c00000,0x00000000e6700000)
  to   space 12288K, 0% used [0x00000000e7200000,0x00000000e7200000,0x00000000e7e00000)
 ParOldGen       total 101888K, used 28034K [0x00000000a0000000, 0x00000000a6380000, 0x00000000e0000000)
  object space 101888K, 27% used [0x00000000a0000000,0x00000000a1b609d8,0x00000000a6380000)
 Metaspace       used 50603K, capacity 51742K, committed 51968K, reserved 1097728K
  class space    used 6822K, capacity 7117K, committed 7168K, reserved 1048576K

Card table byte_map: [0x0000000011ab0000,0x0000000011dc0000] byte_map_base: 0x00000000115b0000

Marking Bits: (ParMarkBitMap*) 0x0000000053345aa0
 Begin Bits: [0x00000000123c0000, 0x0000000013bc0000)
 End Bits:   [0x0000000013bc0000, 0x00000000153c0000)

Polling page: 0x0000000000b90000

CodeCache: size=245760Kb used=14023Kb max_used=14023Kb free=231736Kb
 bounds [0x00000000026f0000, 0x00000000034b0000, 0x00000000116f0000]
 total_blobs=4824 nmethods=4049 adapters=688
 compilation: enabled

Compilation events (10 events):
Event: 23.288 Thread 0x0000000016064800 nmethod 4392 0x000000000348e910 code [0x000000000348ef80, 0x0000000003493ba8]
Event: 23.288 Thread 0x0000000016064800 4393       3       com.sun.org.apache.xerces.internal.impl.XMLDocumentFragmentScannerImpl$ElementStack::nextElement (129 bytes)
Event: 23.289 Thread 0x0000000016064800 nmethod 4393 0x000000000348d4d0 code [0x000000000348d680, 0x000000000348de28]
Event: 23.289 Thread 0x0000000016064800 4394       3       com.sun.org.apache.xerces.internal.impl.XMLDocumentFragmentScannerImpl::checkDepth (100 bytes)
Event: 23.290 Thread 0x0000000016064800 nmethod 4394 0x0000000003496210 code [0x00000000034964c0, 0x0000000003497d08]
Event: 23.290 Thread 0x0000000016064800 4395       3       com.sun.org.apache.xerces.internal.util.XMLAttributesIteratorImpl::removeAllAttributes (10 bytes)
Event: 23.290 Thread 0x0000000016064800 nmethod 4395 0x000000000348d110 code [0x000000000348d260, 0x000000000348d410]
Event: 23.290 Thread 0x0000000016064800 4396       3       com.sun.org.apache.xerces.internal.impl.XMLDocumentFragmentScannerImpl$ElementStack::popElement (59 bytes)
Event: 23.291 Thread 0x0000000016064800 nmethod 4396 0x000000000348cb90 code [0x000000000348cd00, 0x000000000348cf70]
Event: 23.291 Thread 0x0000000016064800 4397       1       com.sun.xml.bind.v2.runtime.unmarshaller.SAXConnector$TagNameImpl::getQname (5 bytes)

GC Heap History (10 events):
Event: 16.787 GC heap before
{Heap before GC invocations=11 (full 2):
 PSYoungGen      total 105472K, used 10626K [0x00000000e0000000, 0x00000000e8980000, 0x0000000100000000)
  eden space 94208K, 0% used [0x00000000e0000000,0x00000000e0000000,0x00000000e5c00000)
  from space 11264K, 94% used [0x00000000e5c00000,0x00000000e6660a70,0x00000000e6700000)
  to   space 12288K, 0% used [0x00000000e7d80000,0x00000000e7d80000,0x00000000e8980000)
 ParOldGen       total 62976K, used 7641K [0x00000000a0000000, 0x00000000a3d80000, 0x00000000e0000000)
  object space 62976K, 12% used [0x00000000a0000000,0x00000000a07767f8,0x00000000a3d80000)
 Metaspace       used 34704K, capacity 35428K, committed 35456K, reserved 1079296K
  class space    used 4783K, capacity 4984K, committed 4992K, reserved 1048576K
Event: 16.868 GC heap after
Heap after GC invocations=11 (full 2):
 PSYoungGen      total 105472K, used 0K [0x00000000e0000000, 0x00000000e8980000, 0x0000000100000000)
  eden space 94208K, 0% used [0x00000000e0000000,0x00000000e0000000,0x00000000e5c00000)
  from space 11264K, 0% used [0x00000000e5c00000,0x00000000e5c00000,0x00000000e6700000)
  to   space 12288K, 0% used [0x00000000e7d80000,0x00000000e7d80000,0x00000000e8980000)
 ParOldGen       total 101888K, used 17353K [0x00000000a0000000, 0x00000000a6380000, 0x00000000e0000000)
  object space 101888K, 17% used [0x00000000a0000000,0x00000000a10f26d8,0x00000000a6380000)
 Metaspace       used 34704K, capacity 35428K, committed 35456K, reserved 1079296K
  class space    used 4783K, capacity 4984K, committed 4992K, reserved 1048576K
}
Event: 19.510 GC heap before
{Heap before GC invocations=12 (full 2):
 PSYoungGen      total 105472K, used 67273K [0x00000000e0000000, 0x00000000e8980000, 0x0000000100000000)
  eden space 94208K, 71% used [0x00000000e0000000,0x00000000e41b2510,0x00000000e5c00000)
  from space 11264K, 0% used [0x00000000e5c00000,0x00000000e5c00000,0x00000000e6700000)
  to   space 12288K, 0% used [0x00000000e7d80000,0x00000000e7d80000,0x00000000e8980000)
 ParOldGen       total 101888K, used 17353K [0x00000000a0000000, 0x00000000a6380000, 0x00000000e0000000)
  object space 101888K, 17% used [0x00000000a0000000,0x00000000a10f26d8,0x00000000a6380000)
 Metaspace       used 42417K, capacity 43388K, committed 43520K, reserved 1091584K
  class space    used 5774K, capacity 6029K, committed 6144K, reserved 1048576K
Event: 19.528 GC heap after
Heap after GC invocations=12 (full 2):
 PSYoungGen      total 106496K, used 9090K [0x00000000e0000000, 0x00000000e8980000, 0x0000000100000000)
  eden space 94208K, 0% used [0x00000000e0000000,0x00000000e0000000,0x00000000e5c00000)
  from space 12288K, 73% used [0x00000000e7d80000,0x00000000e8660a28,0x00000000e8980000)
  to   space 11264K, 0% used [0x00000000e5c00000,0x00000000e5c00000,0x00000000e6700000)
 ParOldGen       total 101888K, used 17361K [0x00000000a0000000, 0x00000000a6380000, 0x00000000e0000000)
  object space 101888K, 17% used [0x00000000a0000000,0x00000000a10f46d8,0x00000000a6380000)
 Metaspace       used 42417K, capacity 43388K, committed 43520K, reserved 1091584K
  class space    used 5774K, capacity 6029K, committed 6144K, reserved 1048576K
}
Event: 19.528 GC heap before
{Heap before GC invocations=13 (full 3):
 PSYoungGen      total 106496K, used 9090K [0x00000000e0000000, 0x00000000e8980000, 0x0000000100000000)
  eden space 94208K, 0% used [0x00000000e0000000,0x00000000e0000000,0x00000000e5c00000)
  from space 12288K, 73% used [0x00000000e7d80000,0x00000000e8660a28,0x00000000e8980000)
  to   space 11264K, 0% used [0x00000000e5c00000,0x00000000e5c00000,0x00000000e6700000)
 ParOldGen       total 101888K, used 17361K [0x00000000a0000000, 0x00000000a6380000, 0x00000000e0000000)
  object space 101888K, 17% used [0x00000000a0000000,0x00000000a10f46d8,0x00000000a6380000)
 Metaspace       used 42417K, capacity 43388K, committed 43520K, reserved 1091584K
  class space    used 5774K, capacity 6029K, committed 6144K, reserved 1048576K
Event: 19.810 GC heap after
Heap after GC invocations=13 (full 3):
 PSYoungGen      total 106496K, used 0K [0x00000000e0000000, 0x00000000e8980000, 0x0000000100000000)
  eden space 94208K, 0% used [0x00000000e0000000,0x00000000e0000000,0x00000000e5c00000)
  from space 12288K, 0% used [0x00000000e7d80000,0x00000000e7d80000,0x00000000e8980000)
  to   space 11264K, 0% used [0x00000000e5c00000,0x00000000e5c00000,0x00000000e6700000)
 ParOldGen       total 101888K, used 24094K [0x00000000a0000000, 0x00000000a6380000, 0x00000000e0000000)
  object space 101888K, 23% used [0x00000000a0000000,0x00000000a1787ae0,0x00000000a6380000)
 Metaspace       used 42417K, capacity 43388K, committed 43520K, reserved 1089536K
  class space    used 5774K, capacity 6029K, committed 6144K, reserved 1048576K
}
Event: 22.548 GC heap before
{Heap before GC invocations=14 (full 3):
 PSYoungGen      total 106496K, used 75772K [0x00000000e0000000, 0x00000000e8980000, 0x0000000100000000)
  eden space 94208K, 80% used [0x00000000e0000000,0x00000000e49ff1b0,0x00000000e5c00000)
  from space 12288K, 0% used [0x00000000e7d80000,0x00000000e7d80000,0x00000000e8980000)
  to   space 11264K, 0% used [0x00000000e5c00000,0x00000000e5c00000,0x00000000e6700000)
 ParOldGen       total 101888K, used 24094K [0x00000000a0000000, 0x00000000a6380000, 0x00000000e0000000)
  object space 101888K, 23% used [0x00000000a0000000,0x00000000a1787ae0,0x00000000a6380000)
 Metaspace       used 48148K, capacity 49262K, committed 49408K, reserved 1097728K
  class space    used 6554K, capacity 6825K, committed 6912K, reserved 1048576K
Event: 22.557 GC heap after
Heap after GC invocations=14 (full 3):
 PSYoungGen      total 105472K, used 8736K [0x00000000e0000000, 0x00000000e7e00000, 0x0000000100000000)
  eden space 94208K, 0% used [0x00000000e0000000,0x00000000e0000000,0x00000000e5c00000)
  from space 11264K, 77% used [0x00000000e5c00000,0x00000000e6488000,0x00000000e6700000)
  to   space 12288K, 0% used [0x00000000e7200000,0x00000000e7200000,0x00000000e7e00000)
 ParOldGen       total 101888K, used 24102K [0x00000000a0000000, 0x00000000a6380000, 0x00000000e0000000)
  object space 101888K, 23% used [0x00000000a0000000,0x00000000a1789ae0,0x00000000a6380000)
 Metaspace       used 48148K, capacity 49262K, committed 49408K, reserved 1097728K
  class space    used 6554K, capacity 6825K, committed 6912K, reserved 1048576K
}
Event: 22.557 GC heap before
{Heap before GC invocations=15 (full 4):
 PSYoungGen      total 105472K, used 8736K [0x00000000e0000000, 0x00000000e7e00000, 0x0000000100000000)
  eden space 94208K, 0% used [0x00000000e0000000,0x00000000e0000000,0x00000000e5c00000)
  from space 11264K, 77% used [0x00000000e5c00000,0x00000000e6488000,0x00000000e6700000)
  to   space 12288K, 0% used [0x00000000e7200000,0x00000000e7200000,0x00000000e7e00000)
 ParOldGen       total 101888K, used 24102K [0x00000000a0000000, 0x00000000a6380000, 0x00000000e0000000)
  object space 101888K, 23% used [0x00000000a0000000,0x00000000a1789ae0,0x00000000a6380000)
 Metaspace       used 48148K, capacity 49262K, committed 49408K, reserved 1097728K
  class space    used 6554K, capacity 6825K, committed 6912K, reserved 1048576K
Event: 22.634 GC heap after
Heap after GC invocations=15 (full 4):
 PSYoungGen      total 105472K, used 0K [0x00000000e0000000, 0x00000000e7e00000, 0x0000000100000000)
  eden space 94208K, 0% used [0x00000000e0000000,0x00000000e0000000,0x00000000e5c00000)
  from space 11264K, 0% used [0x00000000e5c00000,0x00000000e5c00000,0x00000000e6700000)
  to   space 12288K, 0% used [0x00000000e7200000,0x00000000e7200000,0x00000000e7e00000)
 ParOldGen       total 101888K, used 28034K [0x00000000a0000000, 0x00000000a6380000, 0x00000000e0000000)
  object space 101888K, 27% used [0x00000000a0000000,0x00000000a1b609d8,0x00000000a6380000)
 Metaspace       used 48148K, capacity 49262K, committed 49408K, reserved 1095680K
  class space    used 6554K, capacity 6825K, committed 6912K, reserved 1048576K
}

Deoptimization events (10 events):
Event: 19.233 Thread 0x0000000019203000 Uncommon trap: reason=unstable_if action=reinterpret pc=0x000000000319c880 method=java.util.LinkedHashMap.get(Ljava/lang/Object;)Ljava/lang/Object; @ 20
Event: 19.361 Thread 0x0000000019203000 Uncommon trap: reason=unstable_if action=reinterpret pc=0x0000000002f7ca64 method=org.objectweb.asm.ByteVector.putUTF8(Ljava/lang/String;)Lorg/objectweb/asm/ByteVector; @ 93
Event: 19.488 Thread 0x0000000019203000 Uncommon trap: reason=unstable_if action=reinterpret pc=0x0000000002f09130 method=org.objectweb.asm.ByteVector.putUTF8(Ljava/lang/String;)Lorg/objectweb/asm/ByteVector; @ 93
Event: 20.677 Thread 0x0000000019203000 Uncommon trap: reason=bimorphic action=maybe_recompile pc=0x0000000002f0bd8c method=java.util.WeakHashMap.eq(Ljava/lang/Object;Ljava/lang/Object;)Z @ 7
Event: 20.754 Thread 0x0000000019203000 Uncommon trap: reason=bimorphic action=maybe_recompile pc=0x00000000033b8014 method=java.util.regex.Pattern$5.isSatisfiedBy(I)Z @ 16
Event: 20.754 Thread 0x0000000019203000 Uncommon trap: reason=bimorphic action=maybe_recompile pc=0x00000000033b8014 method=java.util.regex.Pattern$5.isSatisfiedBy(I)Z @ 16
Event: 20.754 Thread 0x0000000019203000 Uncommon trap: reason=bimorphic action=maybe_recompile pc=0x00000000033b8014 method=java.util.regex.Pattern$5.isSatisfiedBy(I)Z @ 16
Event: 20.754 Thread 0x0000000019203000 Uncommon trap: reason=bimorphic action=maybe_recompile pc=0x00000000033b8014 method=java.util.regex.Pattern$5.isSatisfiedBy(I)Z @ 16
Event: 22.152 Thread 0x0000000019203000 Uncommon trap: reason=unstable_if action=reinterpret pc=0x0000000002d040f4 method=java.io.DataInputStream.readUTF(Ljava/io/DataInput;)Ljava/lang/String; @ 31
Event: 23.095 Thread 0x0000000019203000 Uncommon trap: reason=unstable_if action=reinterpret pc=0x0000000002d28c68 method=java.util.regex.Pattern$BmpCharProperty.match(Ljava/util/regex/Matcher;ILjava/lang/CharSequence;)Z @ 34

Classes redefined (0 events):
No events

Internal exceptions (10 events):
Event: 21.439 Thread 0x0000000019203000 Exception <a 'sun/nio/fs/WindowsException'> (0x00000000e2fc7e88) thrown at [D:\src\AOSP-openjdk-cygwin\jdk8u\hotspot\src\share\vm\prims\jni.cpp, line 709]
Event: 21.439 Thread 0x0000000019203000 Exception <a 'sun/nio/fs/WindowsException'> (0x00000000e2fc8bd8) thrown at [D:\src\AOSP-openjdk-cygwin\jdk8u\hotspot\src\share\vm\prims\jni.cpp, line 709]
Event: 21.440 Thread 0x0000000019203000 Exception <a 'sun/nio/fs/WindowsException'> (0x00000000e2fcca40) thrown at [D:\src\AOSP-openjdk-cygwin\jdk8u\hotspot\src\share\vm\prims\jni.cpp, line 709]
Event: 21.440 Thread 0x0000000019203000 Exception <a 'sun/nio/fs/WindowsException'> (0x00000000e2fcd768) thrown at [D:\src\AOSP-openjdk-cygwin\jdk8u\hotspot\src\share\vm\prims\jni.cpp, line 709]
Event: 21.440 Thread 0x0000000019203000 Exception <a 'sun/nio/fs/WindowsException'> (0x00000000e2fcf898) thrown at [D:\src\AOSP-openjdk-cygwin\jdk8u\hotspot\src\share\vm\prims\jni.cpp, line 709]
Event: 21.440 Thread 0x0000000019203000 Exception <a 'sun/nio/fs/WindowsException'> (0x00000000e2fd0600) thrown at [D:\src\AOSP-openjdk-cygwin\jdk8u\hotspot\src\share\vm\prims\jni.cpp, line 709]
Event: 21.494 Thread 0x0000000019203000 Exception <a 'sun/nio/fs/WindowsException'> (0x00000000e2fd4ff8) thrown at [D:\src\AOSP-openjdk-cygwin\jdk8u\hotspot\src\share\vm\prims\jni.cpp, line 709]
Event: 21.494 Thread 0x0000000019203000 Exception <a 'sun/nio/fs/WindowsException'> (0x00000000e2fd5d18) thrown at [D:\src\AOSP-openjdk-cygwin\jdk8u\hotspot\src\share\vm\prims\jni.cpp, line 709]
Event: 21.605 Thread 0x0000000019203000 Exception <a 'java/lang/ClassNotFoundException': com/sun/org/glassfish/hk2/osgiresourcelocator/ServiceLoader> (0x00000000e3032b50) thrown at [D:\src\AOSP-openjdk-cygwin\jdk8u\hotspot\src\share\vm\classfile\systemDictionary.cpp, line 210]
Event: 21.791 Thread 0x0000000019203000 Exception <a 'java/lang/NullPointerException'> (0x00000000e35069d0) thrown at [D:\src\AOSP-openjdk-cygwin\jdk8u\hotspot\src\share\vm\interpreter\linkResolver.cpp, line 1301]

Events (10 events):
Event: 23.213 loading class com/sun/xml/bind/v2/runtime/unmarshaller/DefaultIDResolver$1
Event: 23.213 loading class com/sun/xml/bind/v2/runtime/unmarshaller/DefaultIDResolver$1 done
Event: 23.264 Thread 0x0000000019203000 DEOPT PACKING pc=0x000000000340c7f8 sp=0x000000001a61a470
Event: 23.264 Thread 0x0000000019203000 DEOPT UNPACKING pc=0x00000000027375d0 sp=0x000000001a61a1b0 mode 0
Event: 23.264 Thread 0x0000000019203000 DEOPT PACKING pc=0x000000000340c7f8 sp=0x000000001a61a3e0
Event: 23.264 Thread 0x0000000019203000 DEOPT UNPACKING pc=0x00000000027375d0 sp=0x000000001a61a130 mode 0
Event: 23.288 Thread 0x0000000019203000 DEOPT PACKING pc=0x000000000346573d sp=0x000000001a61a340
Event: 23.288 Thread 0x0000000019203000 DEOPT UNPACKING pc=0x00000000027375d0 sp=0x000000001a61a108 mode 0
Event: 23.289 Thread 0x0000000019203000 DEOPT PACKING pc=0x000000000346573d sp=0x000000001a61a290
Event: 23.289 Thread 0x0000000019203000 DEOPT UNPACKING pc=0x00000000027375d0 sp=0x000000001a61a058 mode 0


Dynamic libraries:
0x00007ff6897a0000 - 0x00007ff6897d1000 	C:\Program Files\Android\Android Studio\jre\bin\java.exe
0x00007ffb12890000 - 0x00007ffb12a71000 	C:\Windows\SYSTEM32\ntdll.dll
0x00007ffb0ff40000 - 0x00007ffb0fff1000 	C:\Windows\System32\KERNEL32.DLL
0x00007ffb0ec50000 - 0x00007ffb0eec3000 	C:\Windows\System32\KERNELBASE.dll
0x00007ffb121b0000 - 0x00007ffb12251000 	C:\Windows\System32\ADVAPI32.dll
0x00007ffb10450000 - 0x00007ffb104ee000 	C:\Windows\System32\msvcrt.dll
0x00007ffb10500000 - 0x00007ffb1055b000 	C:\Windows\System32\sechost.dll
0x00007ffb12070000 - 0x00007ffb12194000 	C:\Windows\System32\RPCRT4.dll
0x00007ffb0fdb0000 - 0x00007ffb0ff40000 	C:\Windows\System32\USER32.dll
0x00007ffb0eed0000 - 0x00007ffb0eef0000 	C:\Windows\System32\win32u.dll
0x00007ffb11c10000 - 0x00007ffb11c38000 	C:\Windows\System32\GDI32.dll
0x00007ffb0eef0000 - 0x00007ffb0f081000 	C:\Windows\System32\gdi32full.dll
0x00007ffb0f9d0000 - 0x00007ffb0fa6f000 	C:\Windows\System32\msvcp_win.dll
0x00007ffb0f880000 - 0x00007ffb0f978000 	C:\Windows\System32\ucrtbase.dll
0x00007ffaf88e0000 - 0x00007ffaf8b49000 	C:\Windows\WinSxS\amd64_microsoft.windows.common-controls_6595b64144ccf1df_6.0.17134.1006_none_d3fbb8f77c940c3f\COMCTL32.dll
0x00007ffb12260000 - 0x00007ffb12581000 	C:\Windows\System32\combase.dll
0x00007ffb0f090000 - 0x00007ffb0f109000 	C:\Windows\System32\bcryptPrimitives.dll
0x00007ffb126c0000 - 0x00007ffb126ed000 	C:\Windows\System32\IMM32.DLL
0x00000000529c0000 - 0x0000000052a92000 	C:\Program Files\Android\Android Studio\jre\jre\bin\msvcr100.dll
0x0000000052b80000 - 0x00000000533c1000 	C:\Program Files\Android\Android Studio\jre\jre\bin\server\jvm.dll
0x00007ffb104f0000 - 0x00007ffb104f8000 	C:\Windows\System32\PSAPI.DLL
0x00007ffb02f20000 - 0x00007ffb02f29000 	C:\Windows\SYSTEM32\WSOCK32.dll
0x00007ffb0c050000 - 0x00007ffb0c073000 	C:\Windows\SYSTEM32\WINMM.dll
0x00007ffb050a0000 - 0x00007ffb050aa000 	C:\Windows\SYSTEM32\VERSION.dll
0x00007ffb10560000 - 0x00007ffb105cc000 	C:\Windows\System32\WS2_32.dll
0x00007ffb0c020000 - 0x00007ffb0c04a000 	C:\Windows\SYSTEM32\WINMMBASE.dll
0x00007ffb0f980000 - 0x00007ffb0f9c9000 	C:\Windows\System32\cfgmgr32.dll
0x00007ffaf96d0000 - 0x00007ffaf96df000 	C:\Program Files\Android\Android Studio\jre\jre\bin\verify.dll
0x00007ffae5600000 - 0x00007ffae5629000 	C:\Program Files\Android\Android Studio\jre\jre\bin\java.dll
0x00007ffaf3e80000 - 0x00007ffaf3e96000 	C:\Program Files\Android\Android Studio\jre\jre\bin\zip.dll
0x00007ffb10750000 - 0x00007ffb11b92000 	C:\Windows\System32\SHELL32.dll
0x00007ffb11fc0000 - 0x00007ffb12069000 	C:\Windows\System32\shcore.dll
0x00007ffb0f110000 - 0x00007ffb0f81e000 	C:\Windows\System32\windows.storage.dll
0x00007ffb11bb0000 - 0x00007ffb11c01000 	C:\Windows\System32\shlwapi.dll
0x00007ffb0ec30000 - 0x00007ffb0ec41000 	C:\Windows\System32\kernel.appcore.dll
0x00007ffb0ec10000 - 0x00007ffb0ec2f000 	C:\Windows\System32\profapi.dll
0x00007ffb0eb90000 - 0x00007ffb0ebdc000 	C:\Windows\System32\powrprof.dll
0x00007ffb0ebe0000 - 0x00007ffb0ebea000 	C:\Windows\System32\FLTLIB.DLL
0x00007ffaf3b10000 - 0x00007ffaf3b2a000 	C:\Program Files\Android\Android Studio\jre\jre\bin\net.dll
0x00007ffb0e410000 - 0x00007ffb0e476000 	C:\Windows\system32\mswsock.dll
0x00007ffaeb8d0000 - 0x00007ffaeb8e1000 	C:\Program Files\Android\Android Studio\jre\jre\bin\nio.dll
0x00007ffb0b470000 - 0x00007ffb0b48e000 	C:\Users\Acer\.gradle\native\25\windows-amd64\native-platform.dll
0x00007ffaf91e0000 - 0x00007ffaf91ed000 	C:\Program Files\Android\Android Studio\jre\jre\bin\management.dll
0x00007ffb0e5c0000 - 0x00007ffb0e5d7000 	C:\Windows\SYSTEM32\CRYPTSP.dll
0x00007ffb0dfc0000 - 0x00007ffb0dff3000 	C:\Windows\system32\rsaenh.dll
0x00007ffb0e6f0000 - 0x00007ffb0e715000 	C:\Windows\SYSTEM32\bcrypt.dll
0x00007ffb0ea90000 - 0x00007ffb0eab8000 	C:\Windows\SYSTEM32\USERENV.dll
0x00007ffb0e5e0000 - 0x00007ffb0e5eb000 	C:\Windows\SYSTEM32\CRYPTBASE.dll
0x00007ffb0e160000 - 0x00007ffb0e198000 	C:\Windows\SYSTEM32\IPHLPAPI.DLL
0x00007ffb121a0000 - 0x00007ffb121a8000 	C:\Windows\System32\NSI.dll
0x00007ffb03550000 - 0x00007ffb03566000 	C:\Windows\SYSTEM32\dhcpcsvc6.DLL
0x00007ffb03600000 - 0x00007ffb0361a000 	C:\Windows\SYSTEM32\dhcpcsvc.DLL

VM Arguments:
jvm_args: -Xmx1536m -Dfile.encoding=windows-1252 -Duser.country=ID -Duser.language=en -Duser.variant 
java_command: org.gradle.launcher.daemon.bootstrap.GradleDaemon 5.1.1
java_class_path (initial): C:\Users\Acer\.gradle\wrapper\dists\gradle-5.1.1-all\97z1ksx6lirer3kbvdnh7jtjg\gradle-5.1.1\lib\gradle-launcher-5.1.1.jar
Launcher Type: SUN_STANDARD

Environment Variables:
PATH=C:\Program Files (x86)\Common Files\Intel\Shared Libraries\redist\intel64\compiler;C:\Program Files (x86)\Intel\Intel(R) Management Engine Components\iCLS\;C:\Program Files\Intel\Intel(R) Management Engine Components\iCLS\;C:\Windows\system32;C:\Windows;C:\Windows\System32\Wbem;C:\Windows\System32\WindowsPowerShell\v1.0\;C:\Windows\System32\OpenSSH\;C:\Program Files (x86)\Intel\Intel(R) Management Engine Components\DAL;C:\Program Files\Intel\Intel(R) Management Engine Components\DAL;C:\Program Files\Intel\WiFi\bin\;C:\Program Files\Common Files\Intel\WirelessCommon\;C:\Program Files (x86)\Microsoft SQL Server\100\Tools\Binn\;C:\Program Files\Microsoft SQL Server\100\Tools\Binn\;C:\Program Files\Microsoft SQL Server\100\DTS\Binn\;C:\Program Files (x86)\Microsoft SQL Server\100\Tools\Binn\VSShell\Common7\IDE\;C:\Program Files (x86)\Microsoft SQL Server\100\DTS\Binn\;C:\Program Files\Git\cmd;C:\Program Files (x86)\GtkSharp\2.12\bin;C:\Users\Acer\AppData\Local\Microsoft\WindowsApps;
USERNAME=Acer
OS=Windows_NT
PROCESSOR_IDENTIFIER=Intel64 Family 6 Model 142 Stepping 10, GenuineIntel



---------------  S Y S T E M  ---------------

OS: Windows 10.0 , 64 bit Build 17134 (10.0.17134.753)

CPU:total 4 (initial active 4) (2 cores per cpu, 2 threads per core) family 6 model 142 stepping 10, cmov, cx8, fxsr, mmx, sse, sse2, sse3, ssse3, sse4.1, sse4.2, popcnt, avx, avx2, aes, clmul, erms, 3dnowpref, lzcnt, ht, tsc, tscinvbit, bmi1, bmi2, adx

Memory: 4k page, physical 8262884k(1264448k free), swap 33428708k(3132k free)

vm_info: OpenJDK 64-Bit Server VM (25.152-b01) for windows-amd64 JRE (1.8.0_152-release-1343-b01), built by "builder" with MS VC++ 10.0 (VS2010)

time: Sat Dec 07 21:11:38 2019
elapsed time: 23 seconds (0d 0h 0m 23s)

