#
# There is insufficient memory for the Java Runtime Environment to continue.
# Native memory allocation (malloc) failed to allocate 1224816 bytes for Chunk::new
# Possible reasons:
#   The system is out of physical RAM or swap space
#   In 32 bit mode, the process size limit was hit
# Possible solutions:
#   Reduce memory load on the system
#   Increase physical memory or swap space
#   Check if swap backing store is full
#   Use 64 bit Java on a 64 bit OS
#   Decrease Java heap size (-Xmx/-Xms)
#   Decrease number of Java threads
#   Decrease Java thread stack sizes (-Xss)
#   Set larger code cache with -XX:ReservedCodeCacheSize=
# This output file may be truncated or incomplete.
#
#  Out of Memory Error (allocation.cpp:390), pid=10488, tid=0x00000000000015a4
#
# JRE version: OpenJDK Runtime Environment (8.0_152-b01) (build 1.8.0_152-release-1343-b01)
# Java VM: OpenJDK 64-Bit Server VM (25.152-b01 mixed mode windows-amd64 compressed oops)
# Failed to write core dump. Minidumps are not enabled by default on client versions of Windows
#

---------------  T H R E A D  ---------------

Current thread (0x0000000015f1c000):  JavaThread "C2 CompilerThread1" daemon [_thread_in_native, id=5540, stack(0x0000000017660000,0x0000000017760000)]

Stack: [0x0000000017660000,0x0000000017760000]
[error occurred during error reporting (printing stack bounds), id 0xc0000005]

Native frames: (J=compiled Java code, j=interpreted, Vv=VM code, C=native code)


Current CompileTask:
C2:1035067 9163   !   4       org.gradle.api.internal.AbstractClassGenerator::generateUnderLock (1144 bytes)


---------------  P R O C E S S  ---------------

Java Threads: ( => current thread )
  0x000000001947d800 JavaThread "Cache worker for Build Output Cleanup Cache (C:\Users\Acer\AndroidStudioProjects\ProjectUasIndah\.gradle\buildOutputCleanup)" [_thread_blocked, id=8640, stack(0x0000000023b10000,0x0000000023c10000)]
  0x000000001947d000 JavaThread "Build operations Thread 4" [_thread_blocked, id=13564, stack(0x0000000023a10000,0x0000000023b10000)]
  0x000000001947c000 JavaThread "Build operations Thread 3" [_thread_blocked, id=4100, stack(0x0000000023910000,0x0000000023a10000)]
  0x0000000019481800 JavaThread "Build operations Thread 2" [_thread_blocked, id=996, stack(0x0000000023810000,0x0000000023910000)]
  0x0000000019482000 JavaThread "Build operations" [_thread_blocked, id=11168, stack(0x0000000023710000,0x0000000023810000)]
  0x000000001947e800 JavaThread "Cache worker for cache directory md-rule (C:\Users\Acer\.gradle\caches\5.1.1\md-rule)" [_thread_blocked, id=832, stack(0x0000000023610000,0x0000000023710000)]
  0x0000000019474800 JavaThread "Cache worker for cache directory md-supplier (C:\Users\Acer\.gradle\caches\5.1.1\md-supplier)" [_thread_blocked, id=14196, stack(0x0000000023510000,0x0000000023610000)]
  0x000000001947b800 JavaThread "Cache worker for file hash cache (C:\Users\Acer\AndroidStudioProjects\ProjectUasIndah\.gradle\5.1.1\fileHashes)" [_thread_blocked, id=7228, stack(0x0000000023410000,0x0000000023510000)]
  0x0000000019474000 JavaThread "Thread-31" [_thread_blocked, id=3596, stack(0x0000000023310000,0x0000000023410000)]
  0x0000000019478800 JavaThread "Stdin handler" [_thread_blocked, id=4332, stack(0x0000000023210000,0x0000000023310000)]
  0x0000000019477800 JavaThread "Asynchronous log dispatcher for DefaultDaemonConnection: socket connection from /127.0.0.1:50703 to /127.0.0.1:50751" [_thread_blocked, id=9052, stack(0x0000000023110000,0x0000000023210000)]
  0x0000000019476000 JavaThread "Daemon worker Thread 2" [_thread_in_native, id=8180, stack(0x0000000023010000,0x0000000023110000)]
  0x0000000019477000 JavaThread "Cancel handler" [_thread_blocked, id=13212, stack(0x0000000022f10000,0x0000000023010000)]
  0x000000001947a800 JavaThread "Handler for socket connection from /127.0.0.1:50703 to /127.0.0.1:50751" [_thread_in_native, id=6648, stack(0x0000000022e10000,0x0000000022f10000)]
  0x0000000019473000 JavaThread "Daemon Thread 2" [_thread_blocked, id=10776, stack(0x0000000022d10000,0x0000000022e10000)]
  0x000000001947a000 JavaThread "Memory manager" [_thread_blocked, id=12488, stack(0x0000000021080000,0x0000000021180000)]
  0x0000000019097800 JavaThread "Cache worker for execution history cache (C:\Users\Acer\.gradle\caches\5.1.1\executionHistory)" [_thread_blocked, id=6392, stack(0x000000001da50000,0x000000001db50000)]
  0x000000001909a000 JavaThread "Cache worker for journal cache (C:\Users\Acer\.gradle\caches\journal-1)" [_thread_blocked, id=14032, stack(0x000000001a9b0000,0x000000001aab0000)]
  0x000000001909d000 JavaThread "File lock request listener" [_thread_in_native, id=9992, stack(0x000000001a8b0000,0x000000001a9b0000)]
  0x00000000190a2000 JavaThread "Cache worker for file hash cache (C:\Users\Acer\.gradle\caches\5.1.1\fileHashes)" [_thread_blocked, id=976, stack(0x000000001a7b0000,0x000000001a8b0000)]
  0x0000000018de1800 JavaThread "Daemon periodic checks" [_thread_blocked, id=352, stack(0x0000000019db0000,0x0000000019eb0000)]
  0x0000000018eaf000 JavaThread "Incoming local TCP Connector on port 50703" [_thread_in_native, id=3324, stack(0x0000000019b70000,0x0000000019c70000)]
  0x0000000015f72000 JavaThread "Service Thread" daemon [_thread_blocked, id=12832, stack(0x0000000017860000,0x0000000017960000)]
  0x0000000015f23000 JavaThread "C1 CompilerThread2" daemon [_thread_blocked, id=12788, stack(0x0000000017760000,0x0000000017860000)]
=>0x0000000015f1c000 JavaThread "C2 CompilerThread1" daemon [_thread_in_native, id=5540, stack(0x0000000017660000,0x0000000017760000)]
  0x0000000015f19800 JavaThread "C2 CompilerThread0" daemon [_thread_blocked, id=4144, stack(0x0000000017560000,0x0000000017660000)]
  0x0000000015f26800 JavaThread "Attach Listener" daemon [_thread_blocked, id=11476, stack(0x0000000017460000,0x0000000017560000)]
  0x0000000015f25000 JavaThread "Signal Dispatcher" daemon [_thread_blocked, id=6832, stack(0x0000000017360000,0x0000000017460000)]
  0x000000000250b800 JavaThread "Finalizer" daemon [_thread_blocked, id=11312, stack(0x0000000017170000,0x0000000017270000)]
  0x0000000002501000 JavaThread "Reference Handler" daemon [_thread_blocked, id=5672, stack(0x0000000017070000,0x0000000017170000)]
  0x0000000000c3e000 JavaThread "main" [_thread_blocked, id=7304, stack(0x0000000000b20000,0x0000000000c20000)]

Other Threads:
  0x0000000015ee6000 VMThread [stack: 0x0000000016f70000,0x0000000017070000] [id=8856]
  0x0000000015f73000 WatcherThread [stack: 0x0000000017960000,0x0000000017a60000] [id=7440]

VM state:not at safepoint (normal execution)

VM Mutex/Monitor currently owned by a thread: None

Heap:
 PSYoungGen      total 121344K, used 36331K [0x00000000e0000000, 0x00000000e8b00000, 0x0000000100000000)
  eden space 105472K, 19% used [0x00000000e0000000,0x00000000e1402760,0x00000000e6700000)
  from space 15872K, 99% used [0x00000000e6980000,0x00000000e78f8710,0x00000000e7900000)
  to   space 18432K, 0% used [0x00000000e7900000,0x00000000e7900000,0x00000000e8b00000)
 ParOldGen       total 145408K, used 32961K [0x00000000a0000000, 0x00000000a8e00000, 0x00000000e0000000)
  object space 145408K, 22% used [0x00000000a0000000,0x00000000a2030638,0x00000000a8e00000)
 Metaspace       used 72338K, capacity 74918K, committed 75136K, reserved 1114112K
  class space    used 9507K, capacity 10066K, committed 10112K, reserved 1048576K

Card table byte_map: [0x0000000011970000,0x0000000011c80000] byte_map_base: 0x0000000011470000

Marking Bits: (ParMarkBitMap*) 0x000000005e7b5aa0
 Begin Bits: [0x0000000012280000, 0x0000000013a80000)
 End Bits:   [0x0000000013a80000, 0x0000000015280000)

Polling page: 0x00000000006f0000

CodeCache: size=245760Kb used=25338Kb max_used=25338Kb free=220421Kb
 bounds [0x00000000025b0000, 0x0000000003e90000, 0x00000000115b0000]
 total_blobs=8991 nmethods=8160 adapters=743
 compilation: enabled

Compilation events (10 events):
Event: 1034.161 Thread 0x0000000015f23000 nmethod 9384 0x0000000003e84a50 code [0x0000000003e84bc0, 0x0000000003e84e98]
Event: 1034.161 Thread 0x0000000015f23000 9385       3       org.gradle.api.internal.collections.DefaultCollectionEventRegister::subscribe (62 bytes)
Event: 1034.162 Thread 0x0000000015f23000 nmethod 9385 0x0000000003e84fd0 code [0x0000000003e851a0, 0x0000000003e85988]
Event: 1034.168 Thread 0x0000000015f19800 nmethod 9340 0x0000000003e8a010 code [0x0000000003e8a300, 0x0000000003e8b918]
Event: 1034.168 Thread 0x0000000015f19800 9346       4       java.util.LinkedHashMap::keySet (25 bytes)
Event: 1034.170 Thread 0x0000000015f19800 nmethod 9346 0x0000000003e87010 code [0x0000000003e87160, 0x0000000003e87258]
Event: 1034.170 Thread 0x0000000015f19800 9355       4       org.gradle.internal.component.external.model.AbstractLazyModuleComponentResolveMetadata::getId (5 bytes)
Event: 1034.170 Thread 0x0000000015f19800 nmethod 9355 0x000000000304c750 code [0x000000000304c880, 0x000000000304c8d8]
Event: 1034.471 Thread 0x0000000015f23000 9394       3       org.gradle.internal.component.external.model.AbstractLazyModuleComponentResolveMetadata::getAttributesFactory (5 bytes)
Event: 1034.472 Thread 0x0000000015f23000 nmethod 9394 0x0000000003e86cd0 code [0x0000000003e86e20, 0x0000000003e86f90]

GC Heap History (10 events):
Event: 40.195 GC heap before
{Heap before GC invocations=16 (full 2):
 PSYoungGen      total 93184K, used 83363K [0x00000000e0000000, 0x00000000e7780000, 0x0000000100000000)
  eden space 82432K, 88% used [0x00000000e0000000,0x00000000e46eb4f8,0x00000000e5080000)
  from space 10752K, 99% used [0x00000000e5080000,0x00000000e5afd980,0x00000000e5b00000)
  to   space 13312K, 0% used [0x00000000e6a80000,0x00000000e6a80000,0x00000000e7780000)
 ParOldGen       total 97280K, used 18748K [0x00000000a0000000, 0x00000000a5f00000, 0x00000000e0000000)
  object space 97280K, 19% used [0x00000000a0000000,0x00000000a124f1e8,0x00000000a5f00000)
 Metaspace       used 57502K, capacity 59024K, committed 59096K, reserved 1099776K
  class space    used 7641K, capacity 8024K, committed 8064K, reserved 1048576K
Event: 40.216 GC heap after
Heap after GC invocations=16 (full 2):
 PSYoungGen      total 106496K, used 13299K [0x00000000e0000000, 0x00000000e8180000, 0x0000000100000000)
  eden space 93184K, 0% used [0x00000000e0000000,0x00000000e0000000,0x00000000e5b00000)
  from space 13312K, 99% used [0x00000000e6a80000,0x00000000e777cc78,0x00000000e7780000)
  to   space 15872K, 0% used [0x00000000e5b00000,0x00000000e5b00000,0x00000000e6a80000)
 ParOldGen       total 97280K, used 22066K [0x00000000a0000000, 0x00000000a5f00000, 0x00000000e0000000)
  object space 97280K, 22% used [0x00000000a0000000,0x00000000a158caa8,0x00000000a5f00000)
 Metaspace       used 57502K, capacity 59024K, committed 59096K, reserved 1099776K
  class space    used 7641K, capacity 8024K, committed 8064K, reserved 1048576K
}
Event: 40.216 GC heap before
{Heap before GC invocations=17 (full 3):
 PSYoungGen      total 106496K, used 13299K [0x00000000e0000000, 0x00000000e8180000, 0x0000000100000000)
  eden space 93184K, 0% used [0x00000000e0000000,0x00000000e0000000,0x00000000e5b00000)
  from space 13312K, 99% used [0x00000000e6a80000,0x00000000e777cc78,0x00000000e7780000)
  to   space 15872K, 0% used [0x00000000e5b00000,0x00000000e5b00000,0x00000000e6a80000)
 ParOldGen       total 97280K, used 22066K [0x00000000a0000000, 0x00000000a5f00000, 0x00000000e0000000)
  object space 97280K, 22% used [0x00000000a0000000,0x00000000a158caa8,0x00000000a5f00000)
 Metaspace       used 57502K, capacity 59024K, committed 59096K, reserved 1099776K
  class space    used 7641K, capacity 8024K, committed 8064K, reserved 1048576K
Event: 40.530 GC heap after
Heap after GC invocations=17 (full 3):
 PSYoungGen      total 106496K, used 0K [0x00000000e0000000, 0x00000000e8180000, 0x0000000100000000)
  eden space 93184K, 0% used [0x00000000e0000000,0x00000000e0000000,0x00000000e5b00000)
  from space 13312K, 0% used [0x00000000e6a80000,0x00000000e6a80000,0x00000000e7780000)
  to   space 15872K, 0% used [0x00000000e5b00000,0x00000000e5b00000,0x00000000e6a80000)
 ParOldGen       total 145408K, used 31388K [0x00000000a0000000, 0x00000000a8e00000, 0x00000000e0000000)
  object space 145408K, 21% used [0x00000000a0000000,0x00000000a1ea7238,0x00000000a8e00000)
 Metaspace       used 57477K, capacity 58936K, committed 59096K, reserved 1099776K
  class space    used 7634K, capacity 8016K, committed 8064K, reserved 1048576K
}
Event: 43.953 GC heap before
{Heap before GC invocations=18 (full 3):
 PSYoungGen      total 106496K, used 93184K [0x00000000e0000000, 0x00000000e8180000, 0x0000000100000000)
  eden space 93184K, 100% used [0x00000000e0000000,0x00000000e5b00000,0x00000000e5b00000)
  from space 13312K, 0% used [0x00000000e6a80000,0x00000000e6a80000,0x00000000e7780000)
  to   space 15872K, 0% used [0x00000000e5b00000,0x00000000e5b00000,0x00000000e6a80000)
 ParOldGen       total 145408K, used 31388K [0x00000000a0000000, 0x00000000a8e00000, 0x00000000e0000000)
  object space 145408K, 21% used [0x00000000a0000000,0x00000000a1ea7238,0x00000000a8e00000)
 Metaspace       used 63097K, capacity 65006K, committed 65280K, reserved 1105920K
  class space    used 8531K, capacity 8932K, committed 8960K, reserved 1048576K
Event: 43.969 GC heap after
Heap after GC invocations=18 (full 3):
 PSYoungGen      total 109056K, used 8446K [0x00000000e0000000, 0x00000000e8880000, 0x0000000100000000)
  eden space 93184K, 0% used [0x00000000e0000000,0x00000000e0000000,0x00000000e5b00000)
  from space 15872K, 53% used [0x00000000e5b00000,0x00000000e633f888,0x00000000e6a80000)
  to   space 15360K, 0% used [0x00000000e7980000,0x00000000e7980000,0x00000000e8880000)
 ParOldGen       total 145408K, used 31396K [0x00000000a0000000, 0x00000000a8e00000, 0x00000000e0000000)
  object space 145408K, 21% used [0x00000000a0000000,0x00000000a1ea9238,0x00000000a8e00000)
 Metaspace       used 63097K, capacity 65006K, committed 65280K, reserved 1105920K
  class space    used 8531K, capacity 8932K, committed 8960K, reserved 1048576K
}
Event: 51.139 GC heap before
{Heap before GC invocations=19 (full 3):
 PSYoungGen      total 109056K, used 101630K [0x00000000e0000000, 0x00000000e8880000, 0x0000000100000000)
  eden space 93184K, 100% used [0x00000000e0000000,0x00000000e5b00000,0x00000000e5b00000)
  from space 15872K, 53% used [0x00000000e5b00000,0x00000000e633f888,0x00000000e6a80000)
  to   space 15360K, 0% used [0x00000000e7980000,0x00000000e7980000,0x00000000e8880000)
 ParOldGen       total 145408K, used 31396K [0x00000000a0000000, 0x00000000a8e00000, 0x00000000e0000000)
  object space 145408K, 21% used [0x00000000a0000000,0x00000000a1ea9238,0x00000000a8e00000)
 Metaspace       used 66517K, capacity 68818K, committed 68864K, reserved 1107968K
  class space    used 8953K, capacity 9465K, committed 9472K, reserved 1048576K
Event: 51.160 GC heap after
Heap after GC invocations=19 (full 3):
 PSYoungGen      total 123392K, used 11356K [0x00000000e0000000, 0x00000000e8880000, 0x0000000100000000)
  eden space 108032K, 0% used [0x00000000e0000000,0x00000000e0000000,0x00000000e6980000)
  from space 15360K, 73% used [0x00000000e7980000,0x00000000e8497110,0x00000000e8880000)
  to   space 15872K, 0% used [0x00000000e6980000,0x00000000e6980000,0x00000000e7900000)
 ParOldGen       total 145408K, used 31404K [0x00000000a0000000, 0x00000000a8e00000, 0x00000000e0000000)
  object space 145408K, 21% used [0x00000000a0000000,0x00000000a1eab238,0x00000000a8e00000)
 Metaspace       used 66517K, capacity 68818K, committed 68864K, reserved 1107968K
  class space    used 8953K, capacity 9465K, committed 9472K, reserved 1048576K
}
Event: 1033.360 GC heap before
{Heap before GC invocations=20 (full 3):
 PSYoungGen      total 123392K, used 119388K [0x00000000e0000000, 0x00000000e8880000, 0x0000000100000000)
  eden space 108032K, 100% used [0x00000000e0000000,0x00000000e6980000,0x00000000e6980000)
  from space 15360K, 73% used [0x00000000e7980000,0x00000000e8497110,0x00000000e8880000)
  to   space 15872K, 0% used [0x00000000e6980000,0x00000000e6980000,0x00000000e7900000)
 ParOldGen       total 145408K, used 31404K [0x00000000a0000000, 0x00000000a8e00000, 0x00000000e0000000)
  object space 145408K, 21% used [0x00000000a0000000,0x00000000a1eab238,0x00000000a8e00000)
 Metaspace       used 72000K, capacity 74560K, committed 74880K, reserved 1114112K
  class space    used 9470K, capacity 10023K, committed 10112K, reserved 1048576K
Event: 1033.405 GC heap after
Heap after GC invocations=20 (full 3):
 PSYoungGen      total 121344K, used 15841K [0x00000000e0000000, 0x00000000e8b00000, 0x0000000100000000)
  eden space 105472K, 0% used [0x00000000e0000000,0x00000000e0000000,0x00000000e6700000)
  from space 15872K, 99% used [0x00000000e6980000,0x00000000e78f8710,0x00000000e7900000)
  to   space 18432K, 0% used [0x00000000e7900000,0x00000000e7900000,0x00000000e8b00000)
 ParOldGen       total 145408K, used 32961K [0x00000000a0000000, 0x00000000a8e00000, 0x00000000e0000000)
  object space 145408K, 22% used [0x00000000a0000000,0x00000000a2030638,0x00000000a8e00000)
 Metaspace       used 72000K, capacity 74560K, committed 74880K, reserved 1114112K
  class space    used 9470K, capacity 10023K, committed 10112K, reserved 1048576K
}

Deoptimization events (10 events):
Event: 59.332 Thread 0x0000000018e07800 Uncommon trap: reason=unstable_if action=reinterpret pc=0x00000000038081bc method=com.esotericsoftware.kryo.io.Input.require(I)I @ 180
Event: 59.344 Thread 0x0000000018e02800 Uncommon trap: reason=unstable_if action=reinterpret pc=0x00000000037633cc method=java.util.HashMap$HashIterator.<init>(Ljava/util/HashMap;)V @ 45
Event: 1031.632 Thread 0x0000000019476000 Uncommon trap: reason=unstable_if action=reinterpret pc=0x0000000003927b88 method=org.gradle.internal.file.DefaultFileHierarchySet$Node.contains(Ljava/lang/String;I)Z @ 55
Event: 1031.633 Thread 0x0000000019476000 Uncommon trap: reason=unstable_if action=reinterpret pc=0x0000000003038fe4 method=org.gradle.internal.file.DefaultFileHierarchySet$Node.isChildOfOrThis(Ljava/lang/String;I)Z @ 23
Event: 1031.633 Thread 0x0000000019476000 Uncommon trap: reason=unstable_if action=reinterpret pc=0x00000000027bdb54 method=org.gradle.internal.hash.HashCode.equals(Ljava/lang/Object;)Z @ 66
Event: 1032.228 Thread 0x0000000019476000 Uncommon trap: reason=class_check action=maybe_recompile pc=0x0000000003319648 method=org.codehaus.groovy.reflection.ParameterTypes.getParametersTypes0()V @ 16
Event: 1033.406 Thread 0x0000000002501000 Uncommon trap: reason=unstable_if action=reinterpret pc=0x0000000003202334 method=java.lang.ref.Reference.tryHandlePending(Z)Z @ 20
Event: 1033.409 Thread 0x0000000019476000 Uncommon trap: reason=null_check action=make_not_entrant pc=0x0000000003707ef4 method=java.lang.ThreadLocal$ThreadLocalMap.set(Ljava/lang/ThreadLocal;Ljava/lang/Object;)V @ 36
Event: 1033.728 Thread 0x0000000019476000 Uncommon trap: reason=null_check action=make_not_entrant pc=0x0000000003df8988 method=org.gradle.tooling.internal.provider.runner.SubtreeFilteringBuildOperationListener.finished(Lorg/gradle/internal/operations/BuildOperationDescriptor;Lorg/gradle/internal
Event: 1033.784 Thread 0x0000000019476000 Uncommon trap: reason=null_check action=make_not_entrant pc=0x0000000003dd0184 method=org.gradle.tooling.internal.provider.runner.SubtreeFilteringBuildOperationListener.started(Lorg/gradle/internal/operations/BuildOperationDescriptor;Lorg/gradle/internal/

Classes redefined (0 events):
No events

Internal exceptions (10 events):
Event: 1033.075 Thread 0x0000000019476000 Exception <a 'sun/nio/fs/WindowsException'> (0x00000000e5f57090) thrown at [D:\src\AOSP-openjdk-cygwin\jdk8u\hotspot\src\share\vm\prims\jni.cpp, line 709]
Event: 1033.075 Thread 0x0000000019476000 Exception <a 'sun/nio/fs/WindowsException'> (0x00000000e5f591d0) thrown at [D:\src\AOSP-openjdk-cygwin\jdk8u\hotspot\src\share\vm\prims\jni.cpp, line 709]
Event: 1033.075 Thread 0x0000000019476000 Exception <a 'sun/nio/fs/WindowsException'> (0x00000000e5f5ace0) thrown at [D:\src\AOSP-openjdk-cygwin\jdk8u\hotspot\src\share\vm\prims\jni.cpp, line 709]
Event: 1033.075 Thread 0x0000000019476000 Exception <a 'sun/nio/fs/WindowsException'> (0x00000000e5f5c620) thrown at [D:\src\AOSP-openjdk-cygwin\jdk8u\hotspot\src\share\vm\prims\jni.cpp, line 709]
Event: 1033.075 Thread 0x0000000019476000 Exception <a 'sun/nio/fs/WindowsException'> (0x00000000e5f5e1a0) thrown at [D:\src\AOSP-openjdk-cygwin\jdk8u\hotspot\src\share\vm\prims\jni.cpp, line 709]
Event: 1033.075 Thread 0x0000000019476000 Exception <a 'sun/nio/fs/WindowsException'> (0x00000000e5f602c0) thrown at [D:\src\AOSP-openjdk-cygwin\jdk8u\hotspot\src\share\vm\prims\jni.cpp, line 709]
Event: 1033.075 Thread 0x0000000019476000 Exception <a 'sun/nio/fs/WindowsException'> (0x00000000e5f60fe0) thrown at [D:\src\AOSP-openjdk-cygwin\jdk8u\hotspot\src\share\vm\prims\jni.cpp, line 709]
Event: 1033.409 Thread 0x0000000019476000 Implicit null exception at 0x0000000003707bb8 to 0x0000000003707ec9
Event: 1033.728 Thread 0x0000000019476000 Implicit null exception at 0x0000000003df7863 to 0x0000000003df8961
Event: 1033.784 Thread 0x0000000019476000 Implicit null exception at 0x0000000003dcf683 to 0x0000000003dd0161

Events (10 events):
Event: 1034.143 loading class com/android/tools/idea/gradle/project/sync/ng/AndroidModule
Event: 1034.143 loading class com/android/tools/idea/gradle/project/sync/ng/AndroidModule done
Event: 1034.144 loading class com/android/tools/idea/gradle/project/sync/Modules
Event: 1034.144 loading class com/android/tools/idea/gradle/project/sync/Modules done
Event: 1034.146 loading class com/android/builder/model/ModelBuilderParameter
Event: 1034.146 loading class com/android/builder/model/ModelBuilderParameter done
Event: 1034.146 loading class com/android/builder/model/ModelBuilderParameter
Event: 1034.146 loading class com/android/builder/model/ModelBuilderParameter done
Event: 1034.146 loading class org/gradle/api/Action
Event: 1034.146 loading class org/gradle/api/Action done


Dynamic libraries:
0x00007ff7529a0000 - 0x00007ff7529d1000 	C:\Program Files\Android\Android Studio\jre\bin\java.exe
0x00007ffad6810000 - 0x00007ffad69f1000 	C:\Windows\SYSTEM32\ntdll.dll
0x00007ffad3c90000 - 0x00007ffad3d41000 	C:\Windows\System32\KERNEL32.DLL
0x00007ffad3720000 - 0x00007ffad3993000 	C:\Windows\System32\KERNELBASE.dll
0x00007ffad49b0000 - 0x00007ffad4a51000 	C:\Windows\System32\ADVAPI32.dll
0x00007ffad4910000 - 0x00007ffad49ae000 	C:\Windows\System32\msvcrt.dll
0x00007ffad61b0000 - 0x00007ffad620b000 	C:\Windows\System32\sechost.dll
0x00007ffad3db0000 - 0x00007ffad3ed4000 	C:\Windows\System32\RPCRT4.dll
0x00007ffad6420000 - 0x00007ffad65b0000 	C:\Windows\System32\USER32.dll
0x00007ffad39a0000 - 0x00007ffad39c0000 	C:\Windows\System32\win32u.dll
0x00007ffad6740000 - 0x00007ffad6768000 	C:\Windows\System32\GDI32.dll
0x00007ffad3340000 - 0x00007ffad34d1000 	C:\Windows\System32\gdi32full.dll
0x00007ffad3b70000 - 0x00007ffad3c0f000 	C:\Windows\System32\msvcp_win.dll
0x00007ffad3a70000 - 0x00007ffad3b68000 	C:\Windows\System32\ucrtbase.dll
0x00007ffabc500000 - 0x00007ffabc769000 	C:\Windows\WinSxS\amd64_microsoft.windows.common-controls_6595b64144ccf1df_6.0.17134.1006_none_d3fbb8f77c940c3f\COMCTL32.dll
0x00007ffad4080000 - 0x00007ffad43a1000 	C:\Windows\System32\combase.dll
0x00007ffad3c10000 - 0x00007ffad3c89000 	C:\Windows\System32\bcryptPrimitives.dll
0x00007ffad6180000 - 0x00007ffad61ad000 	C:\Windows\System32\IMM32.DLL
0x000000005db20000 - 0x000000005dbf2000 	C:\Program Files\Android\Android Studio\jre\jre\bin\msvcr100.dll
0x000000005dff0000 - 0x000000005e831000 	C:\Program Files\Android\Android Studio\jre\jre\bin\server\jvm.dll
0x00007ffad43b0000 - 0x00007ffad43b8000 	C:\Windows\System32\PSAPI.DLL
0x00007ffac7110000 - 0x00007ffac711a000 	C:\Windows\SYSTEM32\VERSION.dll
0x00007ffab8c20000 - 0x00007ffab8c29000 	C:\Windows\SYSTEM32\WSOCK32.dll
0x00007ffad6770000 - 0x00007ffad67dc000 	C:\Windows\System32\WS2_32.dll
0x00007ffad07e0000 - 0x00007ffad0803000 	C:\Windows\SYSTEM32\WINMM.dll
0x00007ffad07b0000 - 0x00007ffad07da000 	C:\Windows\SYSTEM32\WINMMBASE.dll
0x00007ffad36d0000 - 0x00007ffad3719000 	C:\Windows\System32\cfgmgr32.dll
0x00007fface560000 - 0x00007fface56f000 	C:\Program Files\Android\Android Studio\jre\jre\bin\verify.dll
0x00007ffacbca0000 - 0x00007ffacbcc9000 	C:\Program Files\Android\Android Studio\jre\jre\bin\java.dll
0x00007ffacc980000 - 0x00007ffacc996000 	C:\Program Files\Android\Android Studio\jre\jre\bin\zip.dll
0x00007ffad4d30000 - 0x00007ffad6172000 	C:\Windows\System32\SHELL32.dll
0x00007ffad6210000 - 0x00007ffad62b9000 	C:\Windows\System32\shcore.dll
0x00007ffad2bd0000 - 0x00007ffad32de000 	C:\Windows\System32\windows.storage.dll
0x00007ffad4b50000 - 0x00007ffad4ba1000 	C:\Windows\System32\shlwapi.dll
0x00007ffad2ba0000 - 0x00007ffad2bb1000 	C:\Windows\System32\kernel.appcore.dll
0x00007ffad2b10000 - 0x00007ffad2b2f000 	C:\Windows\System32\profapi.dll
0x00007ffad2b50000 - 0x00007ffad2b9c000 	C:\Windows\System32\powrprof.dll
0x00007ffad2bc0000 - 0x00007ffad2bca000 	C:\Windows\System32\FLTLIB.DLL
0x00007ffac8e80000 - 0x00007ffac8e9a000 	C:\Program Files\Android\Android Studio\jre\jre\bin\net.dll
0x00007ffad2390000 - 0x00007ffad23f6000 	C:\Windows\system32\mswsock.dll
0x00007ffac8e60000 - 0x00007ffac8e71000 	C:\Program Files\Android\Android Studio\jre\jre\bin\nio.dll
0x00007ffacc9c0000 - 0x00007ffacc9de000 	C:\Users\Acer\.gradle\native\25\windows-amd64\native-platform.dll
0x00007ffacd1f0000 - 0x00007ffacd1fd000 	C:\Program Files\Android\Android Studio\jre\jre\bin\management.dll
0x00007ffad2540000 - 0x00007ffad2557000 	C:\Windows\SYSTEM32\CRYPTSP.dll
0x00007ffad1f40000 - 0x00007ffad1f73000 	C:\Windows\system32\rsaenh.dll
0x00007ffad2670000 - 0x00007ffad2695000 	C:\Windows\SYSTEM32\bcrypt.dll
0x00007ffad2a10000 - 0x00007ffad2a38000 	C:\Windows\SYSTEM32\USERENV.dll
0x00007ffad2560000 - 0x00007ffad256b000 	C:\Windows\SYSTEM32\CRYPTBASE.dll
0x00007ffad20e0000 - 0x00007ffad2118000 	C:\Windows\SYSTEM32\IPHLPAPI.DLL
0x00007ffad6630000 - 0x00007ffad6638000 	C:\Windows\System32\NSI.dll
0x00007ffac4af0000 - 0x00007ffac4b06000 	C:\Windows\SYSTEM32\dhcpcsvc6.DLL
0x00007ffac4dc0000 - 0x00007ffac4dda000 	C:\Windows\SYSTEM32\dhcpcsvc.DLL

VM Arguments:
jvm_args: -Xmx1536m -Dfile.encoding=windows-1252 -Duser.country=ID -Duser.language=en -Duser.variant 
java_command: org.gradle.launcher.daemon.bootstrap.GradleDaemon 5.1.1
java_class_path (initial): C:\Users\Acer\.gradle\wrapper\dists\gradle-5.1.1-all\97z1ksx6lirer3kbvdnh7jtjg\gradle-5.1.1\lib\gradle-launcher-5.1.1.jar
Launcher Type: SUN_STANDARD

Environment Variables:
PATH=C:\Program Files (x86)\Common Files\Intel\Shared Libraries\redist\intel64\compiler;C:\Program Files (x86)\Intel\Intel(R) Management Engine Components\iCLS\;C:\Program Files\Intel\Intel(R) Management Engine Components\iCLS\;C:\Windows\system32;C:\Windows;C:\Windows\System32\Wbem;C:\Windows\System32\WindowsPowerShell\v1.0\;C:\Windows\System32\OpenSSH\;C:\Program Files (x86)\Intel\Intel(R) Management Engine Components\DAL;C:\Program Files\Intel\Intel(R) Management Engine Components\DAL;C:\Program Files\Intel\WiFi\bin\;C:\Program Files\Common Files\Intel\WirelessCommon\;C:\Program Files (x86)\Microsoft SQL Server\100\Tools\Binn\;C:\Program Files\Microsoft SQL Server\100\Tools\Binn\;C:\Program Files\Microsoft SQL Server\100\DTS\Binn\;C:\Program Files (x86)\Microsoft SQL Server\100\Tools\Binn\VSShell\Common7\IDE\;C:\Program Files (x86)\Microsoft SQL Server\100\DTS\Binn\;C:\Program Files\Git\cmd;C:\Program Files (x86)\GtkSharp\2.12\bin;C:\Users\Acer\AppData\Local\Microsoft\WindowsApps;
USERNAME=Acer
OS=Windows_NT
PROCESSOR_IDENTIFIER=Intel64 Family 6 Model 142 Stepping 10, GenuineIntel



---------------  S Y S T E M  ---------------

OS: Windows 10.0 , 64 bit Build 17134 (10.0.17134.753)

CPU:total 4 (initial active 4) (2 cores per cpu, 2 threads per core) family 6 model 142 stepping 10, cmov, cx8, fxsr, mmx, sse, sse2, sse3, ssse3, sse4.1, sse4.2, popcnt, avx, avx2, aes, clmul, erms, 3dnowpref, lzcnt, ht, tsc, tscinvbit, bmi1, bmi2, adx

Memory: 4k page, physical 8262884k(1242756k free), swap 33428708k(5536k free)

vm_info: OpenJDK 64-Bit Server VM (25.152-b01) for windows-amd64 JRE (1.8.0_152-release-1343-b01), built by "builder" with MS VC++ 10.0 (VS2010)

time: Thu Dec 05 23:09:10 2019
elapsed time: 1034 seconds (0d 0h 17m 14s)

